2025-01-01 08:00:00 - INFO - User logged out
2025-01-01 08:00:01 - WARNING - Network latency detected
2025-01-01 08:00:02 - INFO - User logged in
2025-01-01 08:00:12 - ERROR - Database connection failed
2025-01-01 08:00:20 - WARNING - CPU temperature high
2025-01-01 08:00:25 - WARNING - CPU temperature high
2025-01-01 08:00:06 - WARNING - High memory usage detected
2025-01-01 08:00:28 - WARNING - Disk usage above threshold
2025-01-01 08:00:16 - ERROR - File upload failed
2025-01-01 08:00:45 - ERROR - Database connection failed
2025-01-01 08:00:30 - INFO - Service running normally
2025-01-01 08:00:11 - WARNING - Network latency detected
2025-01-01 08:00:24 - WARNING - High memory usage detected
2025-01-01 08:00:52 - WARNING - Multiple failed login attempts
2025-01-01 08:00:42 - WARNING - CPU temperature high
2025-01-01 08:01:15 - WARNING - High memory usage detected
2025-01-01 08:01:20 - INFO - Application started
2025-01-01 08:00:34 - ERROR - Payment gateway timeout
2025-01-01 08:01:12 - INFO - User logged out
2025-01-01 08:00:38 - WARNING - CPU temperature high
2025-01-01 08:01:20 - INFO - Application started
2025-01-01 08:01:03 - ERROR - Database connection failed
2025-01-01 08:01:06 - INFO - Configuration loaded
2025-01-01 08:00:46 - ERROR - Database connection failed
2025-01-01 08:01:36 - WARNING - High memory usage detected
2025-01-01 08:00:50 - INFO - User logged in
2025-01-01 08:01:18 - INFO - User logged out
2025-01-01 08:02:15 - INFO - Service running normally
2025-01-01 08:01:24 - WARNING - Disk usage above threshold
2025-01-01 08:00:58 - INFO - User logged out
2025-01-01 08:01:00 - INFO - API request successful
2025-01-01 08:02:04 - INFO - Application started
2025-01-01 08:01:36 - INFO - User logged in
2025-01-01 08:02:12 - INFO - Configuration loaded
2025-01-01 08:00:34 - WARNING - Multiple failed login attempts
2025-01-01 08:02:20 - INFO - Configuration loaded
2025-01-01 08:03:00 - INFO - User logged out
2025-01-01 08:01:51 - ERROR - API request timeout
2025-01-01 08:01:54 - INFO - Configuration loaded
2025-01-01 08:01:18 - WARNING - High memory usage detected
2025-01-01 08:01:20 - ERROR - File upload failed
2025-01-01 08:02:44 - WARNING - High memory usage detected
2025-01-01 08:02:06 - WARNING - Network latency detected
2025-01-01 08:03:35 - WARNING - Disk usage above threshold
2025-01-01 08:02:12 - INFO - Service running normally
2025-01-01 08:03:45 - WARNING - Multiple failed login attempts
2025-01-01 08:02:18 - WARNING - High memory usage detected
2025-01-01 08:00:47 - INFO - API request successful
2025-01-01 08:01:36 - INFO - Service running normally
2025-01-01 08:00:49 - WARNING - Network latency detected
2025-01-01 08:01:40 - WARNING - Network latency detected
2025-01-01 08:04:15 - INFO - Application started
2025-01-01 08:04:20 - INFO - Backup completed
2025-01-01 08:02:39 - INFO - User logged in
2025-01-01 08:02:42 - WARNING - Disk usage above threshold
2025-01-01 08:00:55 - WARNING - Disk usage above threshold
2025-01-01 08:02:48 - ERROR - Payment gateway timeout
2025-01-01 08:00:57 - INFO - User logged out
2025-01-01 08:04:50 - INFO - User logged out
2025-01-01 08:03:56 - INFO - Backup completed
2025-01-01 08:05:00 - INFO - User logged out
2025-01-01 08:03:03 - INFO - User logged out
2025-01-01 08:01:02 - WARNING - CPU temperature high
2025-01-01 08:01:03 - INFO - User logged out
2025-01-01 08:04:16 - WARNING - Disk usage above threshold
2025-01-01 08:05:25 - INFO - Backup completed
2025-01-01 08:05:30 - WARNING - Multiple failed login attempts
2025-01-01 08:03:21 - INFO - Configuration loaded
2025-01-01 08:03:24 - WARNING - High memory usage detected
2025-01-01 08:03:27 - ERROR - File upload failed
2025-01-01 08:03:30 - WARNING - Disk usage above threshold
2025-01-01 08:02:22 - ERROR - Payment gateway timeout
2025-01-01 08:01:12 - ERROR - File upload failed
2025-01-01 08:02:26 - ERROR - API request timeout
2025-01-01 08:03:42 - ERROR - Unauthorized access attempt
2025-01-01 08:03:45 - WARNING - CPU temperature high
2025-01-01 08:05:04 - ERROR - API request timeout
2025-01-01 08:01:17 - WARNING - Network latency detected
2025-01-01 08:03:54 - ERROR - Unauthorized access attempt
2025-01-01 08:03:57 - INFO - Service running normally
2025-01-01 08:06:40 - ERROR - Payment gateway timeout
2025-01-01 08:06:45 - INFO - User logged in
2025-01-01 08:04:06 - WARNING - High memory usage detected
2025-01-01 08:06:55 - INFO - Backup completed
2025-01-01 08:01:24 - INFO - API request successful
2025-01-01 08:02:50 - INFO - Configuration loaded
2025-01-01 08:01:26 - ERROR - File upload failed
2025-01-01 08:07:15 - ERROR - Payment gateway timeout
2025-01-01 08:02:56 - INFO - User logged out
2025-01-01 08:05:56 - INFO - Application started
2025-01-01 08:03:00 - WARNING - Disk usage above threshold
2025-01-01 08:03:02 - WARNING - Multiple failed login attempts
2025-01-01 08:07:40 - ERROR - Database connection failed
2025-01-01 08:04:39 - ERROR - API request timeout
2025-01-01 08:03:08 - ERROR - Unauthorized access attempt
2025-01-01 08:07:55 - INFO - Application started
2025-01-01 08:08:00 - WARNING - Multiple failed login attempts
2025-01-01 08:08:05 - WARNING - Network latency detected
2025-01-01 08:01:38 - ERROR - File upload failed
2025-01-01 08:06:36 - WARNING - Network latency detected
2025-01-01 08:03:20 - INFO - API request successful
2025-01-01 08:06:44 - WARNING - CPU temperature high
2025-01-01 08:08:30 - WARNING - Multiple failed login attempts
2025-01-01 08:03:26 - INFO - API request successful
2025-01-01 08:08:40 - WARNING - Network latency detected
2025-01-01 08:05:15 - INFO - Service running normally
2025-01-01 08:08:50 - WARNING - CPU temperature high
2025-01-01 08:07:08 - INFO - User logged in
2025-01-01 08:05:24 - ERROR - File upload failed
2025-01-01 08:05:27 - ERROR - Unauthorized access attempt
2025-01-01 08:09:10 - ERROR - Payment gateway timeout
2025-01-01 08:01:51 - WARNING - Multiple failed login attempts
2025-01-01 08:07:28 - ERROR - Unauthorized access attempt
2025-01-01 08:03:46 - INFO - API request successful
2025-01-01 08:09:30 - ERROR - API request timeout
2025-01-01 08:05:45 - ERROR - Payment gateway timeout
2025-01-01 08:01:56 - WARNING - Network latency detected
2025-01-01 08:07:48 - WARNING - Disk usage above threshold
2025-01-01 08:03:56 - ERROR - Database connection failed
2025-01-01 08:09:55 - WARNING - CPU temperature high
2025-01-01 08:10:00 - ERROR - Payment gateway timeout
2025-01-01 08:10:05 - WARNING - CPU temperature high
2025-01-01 08:02:02 - ERROR - API request timeout
2025-01-01 08:02:03 - WARNING - Disk usage above threshold
2025-01-01 08:04:08 - ERROR - Payment gateway timeout
2025-01-01 08:08:20 - ERROR - File upload failed
2025-01-01 08:04:12 - INFO - User logged in
2025-01-01 08:06:21 - INFO - API request successful
2025-01-01 08:06:24 - WARNING - Disk usage above threshold
2025-01-01 08:04:18 - WARNING - Disk usage above threshold
2025-01-01 08:06:30 - INFO - Service running normally
2025-01-01 08:10:55 - ERROR - API request timeout
2025-01-01 08:11:00 - ERROR - Database connection failed
2025-01-01 08:11:05 - INFO - API request successful
2025-01-01 08:02:14 - INFO - Backup completed
2025-01-01 08:11:15 - WARNING - CPU temperature high
2025-01-01 08:11:20 - INFO - Application started
2025-01-01 08:11:25 - ERROR - Database connection failed
2025-01-01 08:11:30 - ERROR - Unauthorized access attempt
2025-01-01 08:02:19 - WARNING - High memory usage detected
2025-01-01 08:09:20 - ERROR - Network connection lost
2025-01-01 08:02:21 - WARNING - Network latency detected
2025-01-01 08:09:28 - INFO - API request successful
2025-01-01 08:07:09 - INFO - Backup completed
2025-01-01 08:04:48 - WARNING - High memory usage detected
2025-01-01 08:12:05 - INFO - Backup completed
2025-01-01 08:09:44 - INFO - Configuration loaded
2025-01-01 08:09:48 - WARNING - Disk usage above threshold
2025-01-01 08:12:20 - WARNING - Multiple failed login attempts
2025-01-01 08:02:29 - WARNING - Disk usage above threshold
2025-01-01 08:05:00 - ERROR - API request timeout
2025-01-01 08:10:04 - WARNING - High memory usage detected
2025-01-01 08:05:04 - WARNING - High memory usage detected
2025-01-01 08:02:33 - ERROR - API request timeout
2025-01-01 08:10:16 - WARNING - High memory usage detected
2025-01-01 08:12:55 - WARNING - CPU temperature high
2025-01-01 08:10:24 - ERROR - API request timeout
2025-01-01 08:07:51 - ERROR - Unauthorized access attempt
2025-01-01 08:02:38 - WARNING - CPU temperature high
2025-01-01 08:10:36 - ERROR - Network connection lost
2025-01-01 08:13:20 - WARNING - High memory usage detected
2025-01-01 08:08:03 - WARNING - Network latency detected
2025-01-01 08:05:24 - ERROR - API request timeout
2025-01-01 08:05:26 - ERROR - API request timeout
2025-01-01 08:10:56 - INFO - API request successful
2025-01-01 08:02:45 - ERROR - Payment gateway timeout
2025-01-01 08:05:32 - INFO - User logged in
2025-01-01 08:08:21 - INFO - Configuration loaded
2025-01-01 08:11:12 - WARNING - Network latency detected
2025-01-01 08:05:38 - ERROR - Database connection failed
2025-01-01 08:05:40 - ERROR - Payment gateway timeout
2025-01-01 08:02:51 - ERROR - File upload failed
2025-01-01 08:02:52 - ERROR - Unauthorized access attempt
2025-01-01 08:14:25 - WARNING - Network latency detected
2025-01-01 08:05:48 - ERROR - Database connection failed
2025-01-01 08:14:35 - WARNING - Disk usage above threshold
2025-01-01 08:14:40 - WARNING - High memory usage detected
2025-01-01 08:05:54 - INFO - Service running normally
2025-01-01 08:05:56 - ERROR - Unauthorized access attempt
2025-01-01 08:02:59 - ERROR - Unauthorized access attempt
2025-01-01 08:03:00 - INFO - Service running normally
2025-01-01 08:03:01 - INFO - Application started
2025-01-01 08:12:08 - WARNING - Multiple failed login attempts
2025-01-01 08:15:15 - ERROR - Unauthorized access attempt
2025-01-01 08:06:08 - ERROR - Network connection lost
2025-01-01 08:06:10 - WARNING - High memory usage detected
2025-01-01 08:06:12 - INFO - Application started
2025-01-01 08:03:07 - ERROR - Payment gateway timeout
2025-01-01 08:09:24 - INFO - API request successful
2025-01-01 08:06:18 - INFO - User logged in
2025-01-01 08:06:20 - WARNING - Network latency detected
2025-01-01 08:12:44 - WARNING - CPU temperature high
2025-01-01 08:03:12 - INFO - Application started
2025-01-01 08:03:13 - ERROR - Database connection failed
2025-01-01 08:03:14 - WARNING - CPU temperature high
2025-01-01 08:03:15 - WARNING - Multiple failed login attempts
2025-01-01 08:06:32 - ERROR - Payment gateway timeout
2025-01-01 08:16:25 - INFO - Service running normally
2025-01-01 08:09:54 - INFO - Backup completed
2025-01-01 08:09:57 - INFO - Backup completed
2025-01-01 08:13:20 - WARNING - CPU temperature high
2025-01-01 08:13:24 - WARNING - High memory usage detected
2025-01-01 08:10:06 - INFO - Backup completed
2025-01-01 08:16:55 - INFO - Application started
2025-01-01 08:06:48 - INFO - Service running normally
2025-01-01 08:13:40 - INFO - Configuration loaded
2025-01-01 08:13:44 - WARNING - Multiple failed login attempts
2025-01-01 08:03:27 - INFO - Configuration loaded
2025-01-01 08:03:28 - ERROR - Unauthorized access attempt
2025-01-01 08:03:29 - ERROR - Database connection failed
2025-01-01 08:17:30 - ERROR - Unauthorized access attempt
2025-01-01 08:03:31 - ERROR - File upload failed
2025-01-01 08:17:40 - WARNING - High memory usage detected
2025-01-01 08:17:45 - ERROR - Payment gateway timeout
2025-01-01 08:10:42 - ERROR - Unauthorized access attempt
2025-01-01 08:03:35 - ERROR - Network connection lost
2025-01-01 08:14:24 - INFO - Application started
2025-01-01 08:14:28 - WARNING - Network latency detected
2025-01-01 08:07:16 - INFO - API request successful
2025-01-01 08:07:18 - WARNING - Network latency detected
2025-01-01 08:03:40 - WARNING - Disk usage above threshold
2025-01-01 08:18:25 - ERROR - Database connection failed
2025-01-01 08:18:30 - INFO - Service running normally
2025-01-01 08:18:35 - WARNING - Multiple failed login attempts
2025-01-01 08:18:40 - WARNING - Network latency detected
2025-01-01 08:03:45 - WARNING - CPU temperature high
2025-01-01 08:18:50 - WARNING - Network latency detected
2025-01-01 08:18:55 - INFO - User logged out
2025-01-01 08:07:36 - WARNING - Disk usage above threshold
2025-01-01 08:19:05 - ERROR - Network connection lost
2025-01-01 08:11:30 - ERROR - Database connection failed
2025-01-01 08:11:33 - ERROR - API request timeout
2025-01-01 08:19:20 - WARNING - Network latency detected
2025-01-01 08:19:25 - ERROR - API request timeout
2025-01-01 08:15:36 - WARNING - Network latency detected
2025-01-01 08:11:45 - WARNING - Disk usage above threshold
2025-01-01 08:19:40 - INFO - Application started
2025-01-01 08:03:57 - ERROR - Unauthorized access attempt
2025-01-01 08:15:52 - WARNING - CPU temperature high
2025-01-01 08:11:57 - WARNING - Network latency detected
2025-01-01 08:04:00 - INFO - Service running normally
2025-01-01 08:20:05 - WARNING - Disk usage above threshold
2025-01-01 08:16:08 - WARNING - Multiple failed login attempts
2025-01-01 08:16:12 - WARNING - Disk usage above threshold
2025-01-01 08:12:12 - INFO - User logged out
2025-01-01 08:16:20 - WARNING - Network latency detected
2025-01-01 08:08:12 - ERROR - Network connection lost
2025-01-01 08:08:14 - WARNING - Multiple failed login attempts
2025-01-01 08:08:16 - ERROR - Database connection failed
2025-01-01 08:08:18 - WARNING - Network latency detected
2025-01-01 08:04:10 - INFO - User logged out
2025-01-01 08:04:11 - INFO - API request successful
2025-01-01 08:21:00 - INFO - Service running normally
2025-01-01 08:21:05 - ERROR - API request timeout
2025-01-01 08:16:56 - ERROR - Network connection lost
2025-01-01 08:12:45 - ERROR - Unauthorized access attempt
2025-01-01 08:17:04 - ERROR - File upload failed
2025-01-01 08:17:08 - ERROR - Network connection lost
2025-01-01 08:12:54 - INFO - Service running normally
2025-01-01 08:17:16 - ERROR - Payment gateway timeout
2025-01-01 08:04:20 - INFO - User logged in
2025-01-01 08:08:42 - ERROR - Network connection lost
2025-01-01 08:21:50 - INFO - User logged in
2025-01-01 08:04:23 - INFO - Configuration loaded
2025-01-01 08:17:36 - ERROR - Payment gateway timeout
2025-01-01 08:17:40 - INFO - Backup completed
2025-01-01 08:22:10 - INFO - Service running normally
2025-01-01 08:17:48 - INFO - Service running normally
2025-01-01 08:17:52 - INFO - Configuration loaded
2025-01-01 08:17:56 - INFO - User logged in
2025-01-01 08:22:30 - ERROR - Network connection lost
2025-01-01 08:18:04 - WARNING - CPU temperature high
2025-01-01 08:04:32 - WARNING - Network latency detected
2025-01-01 08:22:45 - INFO - API request successful
2025-01-01 08:09:08 - ERROR - Network connection lost
2025-01-01 08:22:55 - INFO - Service running normally
2025-01-01 08:18:24 - ERROR - File upload failed
2025-01-01 08:04:37 - INFO - API request successful
2025-01-01 08:09:16 - ERROR - Unauthorized access attempt
2025-01-01 08:23:15 - INFO - Service running normally
2025-01-01 08:23:20 - INFO - Backup completed
2025-01-01 08:09:22 - INFO - User logged out
2025-01-01 08:04:42 - ERROR - Network connection lost
2025-01-01 08:04:43 - ERROR - File upload failed
2025-01-01 08:14:12 - ERROR - Payment gateway timeout
2025-01-01 08:19:00 - INFO - User logged out
2025-01-01 08:04:46 - WARNING - High memory usage detected
2025-01-01 08:14:21 - WARNING - High memory usage detected
2025-01-01 08:09:36 - WARNING - Multiple failed login attempts
2025-01-01 08:19:16 - ERROR - Network connection lost
2025-01-01 08:14:30 - ERROR - API request timeout
2025-01-01 08:19:24 - ERROR - Database connection failed
2025-01-01 08:04:52 - WARNING - Multiple failed login attempts
2025-01-01 08:04:53 - WARNING - Disk usage above threshold
2025-01-01 08:19:36 - ERROR - File upload failed
2025-01-01 08:09:50 - ERROR - API request timeout
2025-01-01 08:24:40 - ERROR - Network connection lost
2025-01-01 08:19:48 - INFO - API request successful
2025-01-01 08:14:54 - INFO - API request successful
2025-01-01 08:24:55 - INFO - User logged in
2025-01-01 08:25:00 - ERROR - Payment gateway timeout
2025-01-01 08:20:04 - WARNING - High memory usage detected
2025-01-01 08:15:06 - WARNING - Disk usage above threshold
2025-01-01 08:05:03 - WARNING - High memory usage detected
2025-01-01 08:15:12 - INFO - Application started
2025-01-01 08:10:10 - ERROR - File upload failed
2025-01-01 08:15:18 - WARNING - High memory usage detected
2025-01-01 08:20:28 - ERROR - Network connection lost
2025-01-01 08:10:16 - INFO - Service running normally
2025-01-01 08:15:27 - ERROR - Network connection lost
2025-01-01 08:10:20 - WARNING - Multiple failed login attempts
2025-01-01 08:25:55 - WARNING - Network latency detected
2025-01-01 08:05:12 - INFO - Backup completed
2025-01-01 08:10:26 - ERROR - Unauthorized access attempt
2025-01-01 08:26:10 - INFO - User logged in
2025-01-01 08:26:15 - WARNING - Network latency detected
2025-01-01 08:10:32 - WARNING - Multiple failed login attempts
2025-01-01 08:26:25 - WARNING - Multiple failed login attempts
2025-01-01 08:10:36 - WARNING - Multiple failed login attempts
2025-01-01 08:15:57 - WARNING - CPU temperature high
2025-01-01 08:21:20 - ERROR - API request timeout
2025-01-01 08:05:21 - INFO - Backup completed
2025-01-01 08:10:44 - INFO - User logged out
2025-01-01 08:26:55 - ERROR - API request timeout
2025-01-01 08:10:48 - ERROR - Database connection failed
2025-01-01 08:16:15 - ERROR - File upload failed
2025-01-01 08:05:26 - ERROR - Payment gateway timeout
2025-01-01 08:05:27 - WARNING - Network latency detected
2025-01-01 08:05:28 - WARNING - Disk usage above threshold
2025-01-01 08:05:29 - WARNING - High memory usage detected
2025-01-01 08:16:30 - INFO - User logged out
2025-01-01 08:22:04 - WARNING - CPU temperature high
2025-01-01 08:22:08 - INFO - User logged out
2025-01-01 08:27:45 - WARNING - Multiple failed login attempts
2025-01-01 08:05:34 - ERROR - File upload failed
2025-01-01 08:27:55 - INFO - Application started
2025-01-01 08:05:36 - ERROR - File upload failed
2025-01-01 08:28:05 - WARNING - Disk usage above threshold
2025-01-01 08:05:38 - INFO - User logged out
2025-01-01 08:22:36 - ERROR - Network connection lost
2025-01-01 08:11:20 - ERROR - Payment gateway timeout
2025-01-01 08:05:41 - WARNING - Multiple failed login attempts
2025-01-01 08:17:06 - INFO - User logged in
2025-01-01 08:05:43 - WARNING - High memory usage detected
2025-01-01 08:28:40 - INFO - API request successful
2025-01-01 08:11:30 - ERROR - Network connection lost
2025-01-01 08:28:50 - INFO - User logged out
2025-01-01 08:23:08 - ERROR - Network connection lost
2025-01-01 08:29:00 - INFO - API request successful
2025-01-01 08:05:49 - WARNING - CPU temperature high
2025-01-01 08:11:40 - ERROR - Network connection lost
2025-01-01 08:23:24 - INFO - User logged out
2025-01-01 08:17:36 - INFO - Application started
2025-01-01 08:17:39 - INFO - Service running normally
2025-01-01 08:11:48 - WARNING - Network latency detected
2025-01-01 08:05:55 - WARNING - Network latency detected
2025-01-01 08:11:52 - WARNING - Network latency detected
2025-01-01 08:29:45 - INFO - User logged in
2025-01-01 08:29:50 - WARNING - Disk usage above threshold
2025-01-01 08:11:58 - ERROR - File upload failed
2025-01-01 08:24:00 - INFO - User logged out
2025-01-01 08:06:01 - WARNING - Network latency detected
2025-01-01 08:24:08 - INFO - API request successful
2025-01-01 08:30:15 - INFO - User logged out
2025-01-01 08:18:12 - INFO - Service running normally
2025-01-01 08:30:25 - ERROR - Payment gateway timeout
2025-01-01 08:18:18 - INFO - API request successful
2025-01-01 08:30:35 - ERROR - File upload failed
2025-01-01 08:06:08 - INFO - Configuration loaded
2025-01-01 08:18:27 - INFO - Backup completed
2025-01-01 08:24:40 - INFO - Backup completed
2025-01-01 08:24:44 - ERROR - Payment gateway timeout
2025-01-01 08:06:12 - WARNING - High memory usage detected
2025-01-01 08:12:26 - INFO - User logged out
2025-01-01 08:06:14 - INFO - Application started
2025-01-01 08:06:15 - WARNING - Multiple failed login attempts
2025-01-01 08:18:48 - INFO - User logged out
2025-01-01 08:12:34 - ERROR - API request timeout
2025-01-01 08:18:54 - INFO - API request successful
2025-01-01 08:18:57 - INFO - Configuration loaded
2025-01-01 08:06:20 - INFO - User logged out
2025-01-01 08:06:21 - ERROR - Network connection lost
2025-01-01 08:06:22 - WARNING - Network latency detected
2025-01-01 08:31:55 - ERROR - Payment gateway timeout
2025-01-01 08:06:24 - WARNING - Multiple failed login attempts
2025-01-01 08:06:25 - ERROR - Network connection lost
2025-01-01 08:06:26 - INFO - User logged out
2025-01-01 08:32:15 - ERROR - Payment gateway timeout
2025-01-01 08:19:24 - INFO - Configuration loaded
2025-01-01 08:19:27 - ERROR - File upload failed
2025-01-01 08:06:30 - ERROR - Unauthorized access attempt
2025-01-01 08:06:31 - WARNING - Disk usage above threshold
2025-01-01 08:19:36 - INFO - User logged out
2025-01-01 08:32:45 - WARNING - High memory usage detected
2025-01-01 08:19:42 - INFO - Configuration loaded
2025-01-01 08:13:10 - INFO - Configuration loaded
2025-01-01 08:19:48 - ERROR - Network connection lost
2025-01-01 08:06:37 - WARNING - CPU temperature high
2025-01-01 08:19:54 - WARNING - Multiple failed login attempts
2025-01-01 08:33:15 - INFO - API request successful
2025-01-01 08:06:40 - ERROR - Unauthorized access attempt
2025-01-01 08:06:41 - WARNING - High memory usage detected
2025-01-01 08:20:06 - WARNING - Disk usage above threshold
2025-01-01 08:13:26 - INFO - User logged out
2025-01-01 08:33:40 - INFO - User logged in
2025-01-01 08:06:45 - INFO - Backup completed
2025-01-01 08:20:18 - ERROR - Database connection failed
2025-01-01 08:13:34 - WARNING - Network latency detected
2025-01-01 08:13:36 - WARNING - Disk usage above threshold
2025-01-01 08:06:49 - WARNING - CPU temperature high
2025-01-01 08:06:50 - ERROR - Database connection failed
2025-01-01 08:34:15 - INFO - API request successful
2025-01-01 08:27:28 - WARNING - Disk usage above threshold
2025-01-01 08:27:32 - WARNING - High memory usage detected
2025-01-01 08:06:54 - WARNING - CPU temperature high
2025-01-01 08:34:35 - WARNING - CPU temperature high
2025-01-01 08:34:40 - ERROR - API request timeout
2025-01-01 08:34:45 - ERROR - Payment gateway timeout
2025-01-01 08:20:54 - ERROR - Unauthorized access attempt
2025-01-01 08:13:58 - WARNING - Disk usage above threshold
2025-01-01 08:07:00 - INFO - User logged out
2025-01-01 08:35:05 - WARNING - Multiple failed login attempts
2025-01-01 08:28:08 - WARNING - CPU temperature high
2025-01-01 08:35:15 - INFO - User logged in
2025-01-01 08:07:04 - INFO - User logged in
2025-01-01 08:07:05 - WARNING - Network latency detected
2025-01-01 08:35:30 - INFO - Application started
2025-01-01 08:07:07 - WARNING - CPU temperature high
2025-01-01 08:28:32 - INFO - Application started
2025-01-01 08:21:27 - INFO - Application started
2025-01-01 08:14:20 - WARNING - CPU temperature high
2025-01-01 08:35:55 - ERROR - Unauthorized access attempt
2025-01-01 08:07:12 - WARNING - High memory usage detected
2025-01-01 08:21:39 - ERROR - Network connection lost
2025-01-01 08:28:56 - INFO - Application started
2025-01-01 08:36:15 - ERROR - Database connection failed
2025-01-01 08:29:04 - INFO - Application started
2025-01-01 08:36:25 - ERROR - Database connection failed
2025-01-01 08:29:12 - ERROR - Unauthorized access attempt
2025-01-01 08:07:19 - ERROR - Payment gateway timeout
2025-01-01 08:29:20 - ERROR - Unauthorized access attempt
2025-01-01 08:14:42 - ERROR - Database connection failed
2025-01-01 08:29:28 - INFO - Service running normally
2025-01-01 08:22:09 - WARNING - Multiple failed login attempts
2025-01-01 08:29:36 - ERROR - Payment gateway timeout
2025-01-01 08:37:05 - ERROR - API request timeout
2025-01-01 08:14:52 - ERROR - API request timeout
2025-01-01 08:14:54 - ERROR - Network connection lost
2025-01-01 08:22:24 - INFO - Configuration loaded
2025-01-01 08:22:27 - WARNING - CPU temperature high
2025-01-01 08:15:00 - INFO - User logged out
2025-01-01 08:22:33 - ERROR - Database connection failed
2025-01-01 08:15:04 - INFO - Backup completed
2025-01-01 08:30:12 - WARNING - CPU temperature high
2025-01-01 08:15:08 - WARNING - High memory usage detected
2025-01-01 08:37:55 - WARNING - Network latency detected
2025-01-01 08:07:36 - ERROR - Unauthorized access attempt
2025-01-01 08:07:37 - INFO - Configuration loaded
2025-01-01 08:38:10 - INFO - Service running normally
2025-01-01 08:38:15 - INFO - User logged in
2025-01-01 08:38:20 - WARNING - CPU temperature high
2025-01-01 08:15:22 - WARNING - Multiple failed login attempts
2025-01-01 08:23:06 - WARNING - Disk usage above threshold
2025-01-01 08:15:26 - WARNING - Disk usage above threshold
2025-01-01 08:23:12 - ERROR - Unauthorized access attempt
2025-01-01 08:15:30 - INFO - Application started
2025-01-01 08:23:18 - WARNING - CPU temperature high
2025-01-01 08:15:34 - WARNING - Multiple failed login attempts
2025-01-01 08:07:48 - INFO - Service running normally
2025-01-01 08:15:38 - WARNING - Multiple failed login attempts
2025-01-01 08:39:10 - WARNING - High memory usage detected
2025-01-01 08:39:15 - WARNING - Network latency detected
2025-01-01 08:23:36 - ERROR - Payment gateway timeout
2025-01-01 08:07:53 - ERROR - Payment gateway timeout
2025-01-01 08:07:54 - WARNING - CPU temperature high
2025-01-01 08:23:45 - WARNING - High memory usage detected
2025-01-01 08:15:52 - WARNING - Disk usage above threshold
2025-01-01 08:31:48 - INFO - Application started
2025-01-01 08:23:54 - INFO - User logged in
2025-01-01 08:23:57 - INFO - Configuration loaded
2025-01-01 08:08:00 - WARNING - Multiple failed login attempts
2025-01-01 08:16:02 - ERROR - API request timeout
2025-01-01 08:32:08 - WARNING - Multiple failed login attempts
2025-01-01 08:40:15 - ERROR - Payment gateway timeout
2025-01-01 08:24:12 - ERROR - Unauthorized access attempt
2025-01-01 08:32:20 - ERROR - API request timeout
2025-01-01 08:32:24 - INFO - Configuration loaded
2025-01-01 08:24:21 - WARNING - Disk usage above threshold
2025-01-01 08:40:40 - ERROR - Unauthorized access attempt
2025-01-01 08:32:36 - ERROR - Unauthorized access attempt
2025-01-01 08:08:10 - INFO - API request successful
2025-01-01 08:08:11 - WARNING - Multiple failed login attempts
2025-01-01 08:16:24 - WARNING - High memory usage detected
2025-01-01 08:41:05 - INFO - API request successful
2025-01-01 08:41:10 - WARNING - Multiple failed login attempts
2025-01-01 08:08:15 - ERROR - Database connection failed
2025-01-01 08:16:32 - ERROR - Database connection failed
2025-01-01 08:41:25 - INFO - Configuration loaded
2025-01-01 08:41:30 - INFO - User logged out
2025-01-01 08:08:19 - INFO - Backup completed
2025-01-01 08:33:20 - INFO - API request successful
2025-01-01 08:08:21 - ERROR - Unauthorized access attempt
2025-01-01 08:33:28 - INFO - Service running normally
2025-01-01 08:16:46 - INFO - Service running normally
2025-01-01 08:16:48 - ERROR - Network connection lost
2025-01-01 08:16:50 - WARNING - Disk usage above threshold
2025-01-01 08:08:26 - WARNING - Disk usage above threshold
2025-01-01 08:16:54 - INFO - API request successful
2025-01-01 08:08:28 - ERROR - Database connection failed
2025-01-01 08:25:27 - ERROR - Payment gateway timeout
2025-01-01 08:25:30 - WARNING - Network latency detected
2025-01-01 08:25:33 - ERROR - Network connection lost
2025-01-01 08:08:32 - ERROR - Network connection lost
2025-01-01 08:25:39 - INFO - User logged in
2025-01-01 08:34:16 - WARNING - Multiple failed login attempts
2025-01-01 08:42:55 - INFO - API request successful
2025-01-01 08:17:12 - WARNING - Disk usage above threshold
2025-01-01 08:17:14 - ERROR - Payment gateway timeout
2025-01-01 08:17:16 - ERROR - Network connection lost
2025-01-01 08:17:18 - WARNING - CPU temperature high
2025-01-01 08:17:20 - ERROR - Database connection failed
2025-01-01 08:08:41 - INFO - Application started
2025-01-01 08:08:42 - INFO - Backup completed
2025-01-01 08:43:35 - INFO - Configuration loaded
2025-01-01 08:17:28 - WARNING - Multiple failed login attempts
2025-01-01 08:26:15 - ERROR - Database connection failed
2025-01-01 08:26:18 - INFO - Application started
2025-01-01 08:43:55 - ERROR - Unauthorized access attempt
2025-01-01 08:17:36 - WARNING - Multiple failed login attempts
2025-01-01 08:44:05 - WARNING - Multiple failed login attempts
2025-01-01 08:26:30 - INFO - Application started
2025-01-01 08:08:51 - WARNING - Network latency detected
2025-01-01 08:26:36 - ERROR - API request timeout
2025-01-01 08:44:25 - WARNING - Multiple failed login attempts
2025-01-01 08:17:48 - ERROR - Unauthorized access attempt
2025-01-01 08:44:35 - WARNING - Disk usage above threshold
2025-01-01 08:35:44 - ERROR - API request timeout
2025-01-01 08:26:51 - INFO - User logged out
2025-01-01 08:44:50 - ERROR - Payment gateway timeout
2025-01-01 08:26:57 - WARNING - Disk usage above threshold
2025-01-01 08:27:00 - INFO - User logged in
2025-01-01 08:09:01 - ERROR - API request timeout
2025-01-01 08:27:06 - WARNING - Multiple failed login attempts
2025-01-01 08:45:15 - INFO - API request successful
2025-01-01 08:09:04 - WARNING - High memory usage detected
2025-01-01 08:36:20 - WARNING - Network latency detected
2025-01-01 08:36:24 - ERROR - File upload failed
2025-01-01 08:18:14 - INFO - User logged in
2025-01-01 08:36:32 - WARNING - High memory usage detected
2025-01-01 08:36:36 - WARNING - CPU temperature high
2025-01-01 08:45:50 - WARNING - Disk usage above threshold
2025-01-01 08:09:11 - INFO - Configuration loaded
2025-01-01 08:09:12 - ERROR - Unauthorized access attempt
2025-01-01 08:36:52 - ERROR - Database connection failed
2025-01-01 08:09:14 - WARNING - Disk usage above threshold
2025-01-01 08:46:15 - ERROR - Payment gateway timeout
2025-01-01 08:27:48 - WARNING - High memory usage detected
2025-01-01 08:18:34 - WARNING - Multiple failed login attempts
2025-01-01 08:46:30 - ERROR - Payment gateway timeout
2025-01-01 08:37:16 - WARNING - Multiple failed login attempts
2025-01-01 08:46:40 - WARNING - Multiple failed login attempts
2025-01-01 08:37:24 - WARNING - Disk usage above threshold
2025-01-01 08:09:22 - ERROR - Unauthorized access attempt
2025-01-01 08:18:46 - ERROR - File upload failed
2025-01-01 08:28:12 - WARNING - Network latency detected
2025-01-01 08:47:05 - WARNING - Multiple failed login attempts
2025-01-01 08:37:44 - INFO - User logged in
2025-01-01 08:18:54 - INFO - User logged in
2025-01-01 08:09:28 - ERROR - Payment gateway timeout
2025-01-01 08:18:58 - INFO - User logged out
2025-01-01 08:09:30 - INFO - Application started
2025-01-01 08:38:04 - INFO - User logged in
2025-01-01 08:47:40 - ERROR - API request timeout
2025-01-01 08:28:39 - ERROR - API request timeout
2025-01-01 08:38:16 - ERROR - Unauthorized access attempt
2025-01-01 08:47:55 - INFO - Backup completed
2025-01-01 08:28:48 - WARNING - Disk usage above threshold
2025-01-01 08:19:14 - INFO - Application started
2025-01-01 08:28:54 - INFO - Configuration loaded
2025-01-01 08:28:57 - WARNING - Disk usage above threshold
2025-01-01 08:29:00 - WARNING - Multiple failed login attempts
2025-01-01 08:29:03 - INFO - API request successful
2025-01-01 08:38:48 - ERROR - Database connection failed
2025-01-01 08:09:43 - ERROR - File upload failed
2025-01-01 08:48:40 - ERROR - Payment gateway timeout
2025-01-01 08:48:45 - WARNING - CPU temperature high
2025-01-01 08:19:32 - ERROR - Database connection failed
2025-01-01 08:19:34 - WARNING - Network latency detected
2025-01-01 08:29:24 - WARNING - Multiple failed login attempts
2025-01-01 08:19:38 - INFO - Application started
2025-01-01 08:19:40 - INFO - API request successful
2025-01-01 08:19:42 - ERROR - Database connection failed
2025-01-01 08:39:28 - ERROR - API request timeout
2025-01-01 08:49:25 - WARNING - Disk usage above threshold
2025-01-01 08:39:36 - ERROR - Database connection failed
2025-01-01 08:19:50 - INFO - API request successful
2025-01-01 08:39:44 - INFO - Backup completed
2025-01-01 08:09:57 - ERROR - API request timeout
2025-01-01 08:29:54 - INFO - Service running normally
2025-01-01 08:09:59 - WARNING - Disk usage above threshold
2025-01-01 08:10:00 - INFO - User logged out
2025-01-01 08:30:03 - INFO - User logged out
2025-01-01 08:50:10 - INFO - API request successful
2025-01-01 08:50:15 - INFO - Application started
2025-01-01 08:40:16 - WARNING - High memory usage detected
2025-01-01 08:20:10 - ERROR - Unauthorized access attempt
2025-01-01 08:10:06 - WARNING - High memory usage detected
2025-01-01 08:10:07 - INFO - Application started
2025-01-01 08:40:32 - ERROR - Payment gateway timeout
2025-01-01 08:50:45 - ERROR - API request timeout
2025-01-01 08:50:50 - ERROR - Unauthorized access attempt
2025-01-01 08:50:55 - WARNING - Multiple failed login attempts
2025-01-01 08:30:36 - WARNING - Network latency detected
2025-01-01 08:30:39 - ERROR - Payment gateway timeout
2025-01-01 08:30:42 - INFO - Backup completed
2025-01-01 08:51:15 - ERROR - Database connection failed
2025-01-01 08:30:48 - WARNING - High memory usage detected
2025-01-01 08:10:17 - ERROR - Database connection failed
2025-01-01 08:41:12 - INFO - User logged in
2025-01-01 08:10:19 - WARNING - High memory usage detected
2025-01-01 08:51:40 - INFO - User logged in
2025-01-01 08:51:45 - WARNING - Network latency detected
2025-01-01 08:51:50 - ERROR - Unauthorized access attempt
2025-01-01 08:31:09 - INFO - User logged out
2025-01-01 08:31:12 - ERROR - Network connection lost
2025-01-01 08:31:15 - INFO - Backup completed
2025-01-01 08:31:18 - WARNING - Disk usage above threshold
2025-01-01 08:20:54 - WARNING - Multiple failed login attempts
2025-01-01 08:31:24 - INFO - Configuration loaded
2025-01-01 08:31:27 - WARNING - High memory usage detected
2025-01-01 08:42:00 - INFO - Application started
2025-01-01 08:52:35 - ERROR - API request timeout
2025-01-01 08:42:08 - INFO - API request successful
2025-01-01 08:52:45 - ERROR - Network connection lost
2025-01-01 08:21:08 - ERROR - Payment gateway timeout
2025-01-01 08:52:55 - INFO - Backup completed
2025-01-01 08:31:48 - WARNING - Network latency detected
2025-01-01 08:53:05 - WARNING - Disk usage above threshold
2025-01-01 08:31:54 - INFO - Service running normally
2025-01-01 08:42:36 - ERROR - Payment gateway timeout
2025-01-01 08:32:00 - WARNING - High memory usage detected
2025-01-01 08:53:25 - ERROR - File upload failed
2025-01-01 08:32:06 - INFO - API request successful
2025-01-01 08:21:26 - INFO - Configuration loaded
2025-01-01 08:42:56 - WARNING - CPU temperature high
2025-01-01 08:43:00 - ERROR - Database connection failed
2025-01-01 08:10:46 - INFO - Application started
2025-01-01 08:53:55 - INFO - API request successful
2025-01-01 08:21:36 - ERROR - File upload failed
2025-01-01 08:21:38 - ERROR - Database connection failed
2025-01-01 08:21:40 - WARNING - CPU temperature high
2025-01-01 08:10:51 - WARNING - CPU temperature high
2025-01-01 08:54:20 - ERROR - Unauthorized access attempt
2025-01-01 08:54:25 - ERROR - API request timeout
2025-01-01 08:43:36 - WARNING - Network latency detected
2025-01-01 08:21:50 - ERROR - Payment gateway timeout
2025-01-01 08:32:48 - WARNING - Multiple failed login attempts
2025-01-01 08:43:48 - INFO - User logged out
2025-01-01 08:21:56 - INFO - Configuration loaded
2025-01-01 08:32:57 - ERROR - Network connection lost
2025-01-01 08:33:00 - WARNING - High memory usage detected
2025-01-01 08:44:04 - INFO - API request successful
2025-01-01 08:33:06 - WARNING - High memory usage detected
2025-01-01 08:11:03 - WARNING - High memory usage detected
2025-01-01 08:11:04 - ERROR - File upload failed
2025-01-01 08:11:05 - WARNING - Network latency detected
2025-01-01 08:11:06 - WARNING - Network latency detected
2025-01-01 08:44:28 - WARNING - CPU temperature high
2025-01-01 08:22:16 - INFO - User logged out
2025-01-01 08:22:18 - WARNING - Network latency detected
2025-01-01 08:22:20 - ERROR - Unauthorized access attempt
2025-01-01 08:22:22 - INFO - Service running normally
2025-01-01 08:56:00 - INFO - Service running normally
2025-01-01 08:33:39 - INFO - Configuration loaded
2025-01-01 08:33:42 - INFO - Service running normally
2025-01-01 08:56:15 - WARNING - Network latency detected
2025-01-01 08:11:16 - INFO - Configuration loaded
2025-01-01 08:33:51 - WARNING - High memory usage detected
2025-01-01 08:22:36 - INFO - Service running normally
2025-01-01 08:33:57 - WARNING - CPU temperature high
2025-01-01 08:45:20 - WARNING - Network latency detected
2025-01-01 08:56:45 - INFO - Service running normally
2025-01-01 08:45:28 - ERROR - Payment gateway timeout
2025-01-01 08:34:09 - ERROR - API request timeout
2025-01-01 08:11:24 - WARNING - Network latency detected
2025-01-01 08:34:15 - INFO - User logged in
2025-01-01 08:22:52 - WARNING - Multiple failed login attempts
2025-01-01 08:22:54 - WARNING - Network latency detected
2025-01-01 08:45:52 - ERROR - Network connection lost
2025-01-01 08:57:25 - ERROR - File upload failed
2025-01-01 08:57:30 - WARNING - High memory usage detected
2025-01-01 08:34:33 - WARNING - CPU temperature high
2025-01-01 08:11:32 - INFO - User logged out
2025-01-01 08:11:33 - ERROR - Database connection failed
2025-01-01 08:46:16 - WARNING - Network latency detected
2025-01-01 08:34:45 - INFO - Application started
2025-01-01 08:58:00 - WARNING - Disk usage above threshold
2025-01-01 08:58:05 - WARNING - Disk usage above threshold
2025-01-01 08:34:54 - WARNING - High memory usage detected
2025-01-01 08:46:36 - WARNING - CPU temperature high
2025-01-01 08:23:20 - INFO - Application started
2025-01-01 08:23:22 - INFO - User logged out
2025-01-01 08:46:48 - ERROR - Database connection failed
2025-01-01 08:11:43 - ERROR - Payment gateway timeout
2025-01-01 08:23:28 - INFO - User logged out
2025-01-01 08:11:45 - ERROR - Network connection lost
2025-01-01 08:35:18 - WARNING - High memory usage detected
2025-01-01 08:58:55 - WARNING - Multiple failed login attempts
2025-01-01 08:11:48 - WARNING - CPU temperature high
2025-01-01 08:23:38 - INFO - Configuration loaded
2025-01-01 08:23:40 - INFO - Configuration loaded
2025-01-01 08:23:42 - WARNING - Disk usage above threshold
2025-01-01 08:47:28 - WARNING - Network latency detected
2025-01-01 08:59:25 - ERROR - Network connection lost
2025-01-01 08:59:30 - INFO - Application started
2025-01-01 08:59:35 - WARNING - Disk usage above threshold
2025-01-01 08:59:40 - INFO - User logged in
2025-01-01 08:59:45 - INFO - User logged in
2025-01-01 08:47:52 - INFO - Application started
2025-01-01 08:35:57 - WARNING - Network latency detected
2025-01-01 08:12:00 - ERROR - Payment gateway timeout
2025-01-01 08:48:04 - INFO - Configuration loaded
2025-01-01 08:48:08 - WARNING - Disk usage above threshold
2025-01-01 08:24:06 - WARNING - Disk usage above threshold
2025-01-01 08:12:04 - INFO - User logged in
2025-01-01 08:12:05 - ERROR - File upload failed
2025-01-01 08:48:24 - ERROR - API request timeout
2025-01-01 08:12:07 - INFO - Application started
2025-01-01 08:24:16 - ERROR - Unauthorized access attempt
2025-01-01 08:48:36 - WARNING - CPU temperature high
2025-01-01 08:24:20 - WARNING - Disk usage above threshold
2025-01-01 08:24:22 - ERROR - Network connection lost
2025-01-01 08:48:48 - INFO - Service running normally
2025-01-01 08:12:13 - ERROR - File upload failed
2025-01-01 08:24:28 - INFO - Backup completed
2025-01-01 08:49:00 - ERROR - Payment gateway timeout
2025-01-01 08:36:48 - WARNING - Network latency detected
2025-01-01 09:01:25 - WARNING - Network latency detected
2025-01-01 08:49:12 - WARNING - CPU temperature high
2025-01-01 09:01:35 - WARNING - Multiple failed login attempts
2025-01-01 08:37:00 - WARNING - High memory usage detected
2025-01-01 09:01:45 - ERROR - Unauthorized access attempt
2025-01-01 08:49:28 - WARNING - Network latency detected
2025-01-01 08:12:23 - INFO - Application started
2025-01-01 08:37:12 - INFO - User logged out
2025-01-01 08:49:40 - ERROR - File upload failed
2025-01-01 08:12:26 - WARNING - High memory usage detected
2025-01-01 08:24:54 - ERROR - File upload failed
2025-01-01 08:49:52 - INFO - User logged out
2025-01-01 08:49:56 - WARNING - CPU temperature high
2025-01-01 09:02:30 - WARNING - Multiple failed login attempts
2025-01-01 08:12:31 - WARNING - Multiple failed login attempts
2025-01-01 09:02:40 - WARNING - Disk usage above threshold
2025-01-01 09:02:45 - WARNING - Network latency detected
2025-01-01 08:37:42 - WARNING - High memory usage detected
2025-01-01 08:12:35 - WARNING - CPU temperature high
2025-01-01 08:50:24 - WARNING - Network latency detected
2025-01-01 08:50:28 - ERROR - Database connection failed
2025-01-01 08:37:54 - ERROR - File upload failed
2025-01-01 08:25:18 - WARNING - High memory usage detected
2025-01-01 09:03:20 - ERROR - File upload failed
2025-01-01 08:12:41 - ERROR - Database connection failed
2025-01-01 08:38:06 - WARNING - Network latency detected
2025-01-01 08:12:43 - INFO - User logged out
2025-01-01 08:38:12 - WARNING - Multiple failed login attempts
2025-01-01 08:12:45 - INFO - User logged out
2025-01-01 08:38:18 - WARNING - Network latency detected
2025-01-01 08:12:47 - WARNING - Multiple failed login attempts
2025-01-01 08:51:12 - WARNING - Network latency detected
2025-01-01 09:04:05 - WARNING - CPU temperature high
2025-01-01 08:38:30 - ERROR - File upload failed
2025-01-01 09:04:15 - ERROR - Unauthorized access attempt
2025-01-01 08:12:52 - ERROR - Unauthorized access attempt
2025-01-01 08:38:39 - WARNING - CPU temperature high
2025-01-01 09:04:30 - ERROR - Network connection lost
2025-01-01 08:51:40 - WARNING - High memory usage detected
2025-01-01 09:04:40 - INFO - Application started
2025-01-01 08:51:48 - WARNING - CPU temperature high
2025-01-01 08:12:58 - INFO - API request successful
2025-01-01 08:51:56 - WARNING - CPU temperature high
2025-01-01 08:26:00 - INFO - Application started
2025-01-01 08:13:01 - ERROR - Unauthorized access attempt
2025-01-01 08:39:06 - WARNING - Multiple failed login attempts
2025-01-01 09:05:15 - ERROR - Database connection failed
2025-01-01 09:05:20 - WARNING - Multiple failed login attempts
2025-01-01 08:13:05 - WARNING - Multiple failed login attempts
2025-01-01 08:39:18 - ERROR - Payment gateway timeout
2025-01-01 08:39:21 - ERROR - File upload failed
2025-01-01 08:13:08 - WARNING - Multiple failed login attempts
2025-01-01 08:52:36 - WARNING - Multiple failed login attempts
2025-01-01 08:52:40 - WARNING - High memory usage detected
2025-01-01 08:52:44 - INFO - Configuration loaded
2025-01-01 08:39:36 - WARNING - High memory usage detected
2025-01-01 08:26:26 - INFO - Backup completed
2025-01-01 09:06:10 - ERROR - Database connection failed
2025-01-01 08:53:00 - INFO - User logged in
2025-01-01 08:53:04 - WARNING - CPU temperature high
2025-01-01 08:13:17 - ERROR - Payment gateway timeout
2025-01-01 08:53:12 - ERROR - Database connection failed
2025-01-01 08:53:16 - ERROR - Database connection failed
2025-01-01 08:53:20 - WARNING - CPU temperature high
2025-01-01 08:40:03 - INFO - Service running normally
2025-01-01 08:53:28 - ERROR - Payment gateway timeout
2025-01-01 08:40:09 - INFO - Service running normally
2025-01-01 09:07:00 - WARNING - Multiple failed login attempts
2025-01-01 08:26:50 - ERROR - Database connection failed
2025-01-01 08:26:52 - INFO - User logged out
2025-01-01 09:07:15 - WARNING - Network latency detected
2025-01-01 08:40:24 - ERROR - File upload failed
2025-01-01 08:53:56 - WARNING - CPU temperature high
2025-01-01 08:54:00 - INFO - User logged out
2025-01-01 08:13:31 - ERROR - Unauthorized access attempt
2025-01-01 08:13:32 - ERROR - Payment gateway timeout
2025-01-01 09:07:45 - INFO - Configuration loaded
2025-01-01 08:13:34 - WARNING - Multiple failed login attempts
2025-01-01 08:54:20 - ERROR - File upload failed
2025-01-01 09:08:00 - INFO - Service running normally
2025-01-01 09:08:05 - ERROR - API request timeout
2025-01-01 08:27:16 - ERROR - Database connection failed
2025-01-01 09:08:15 - INFO - User logged out
2025-01-01 08:54:40 - INFO - Backup completed
2025-01-01 08:13:41 - INFO - User logged out
2025-01-01 09:08:30 - INFO - Configuration loaded
2025-01-01 08:13:43 - ERROR - File upload failed
2025-01-01 09:08:40 - ERROR - Database connection failed
2025-01-01 09:08:45 - ERROR - Network connection lost
2025-01-01 08:41:18 - INFO - Application started
2025-01-01 08:13:47 - ERROR - Unauthorized access attempt
2025-01-01 09:09:00 - WARNING - High memory usage detected
2025-01-01 08:27:38 - WARNING - CPU temperature high
2025-01-01 08:55:20 - ERROR - Unauthorized access attempt
2025-01-01 09:09:15 - WARNING - Disk usage above threshold
2025-01-01 08:41:36 - INFO - Configuration loaded
2025-01-01 08:41:39 - ERROR - API request timeout
2025-01-01 08:55:36 - WARNING - High memory usage detected
2025-01-01 08:13:55 - WARNING - Network latency detected
2025-01-01 08:41:48 - INFO - Configuration loaded
2025-01-01 08:27:54 - WARNING - CPU temperature high
2025-01-01 09:09:50 - WARNING - Multiple failed login attempts
2025-01-01 08:27:58 - WARNING - Network latency detected
2025-01-01 08:56:00 - INFO - Service running normally
2025-01-01 08:14:01 - WARNING - Disk usage above threshold
2025-01-01 08:56:08 - ERROR - Database connection failed
2025-01-01 08:56:12 - INFO - Service running normally
2025-01-01 08:42:12 - ERROR - Payment gateway timeout
2025-01-01 09:10:25 - ERROR - API request timeout
2025-01-01 08:14:06 - WARNING - High memory usage detected
2025-01-01 08:56:28 - INFO - Backup completed
2025-01-01 08:42:24 - INFO - Service running normally
2025-01-01 08:14:09 - ERROR - Payment gateway timeout
2025-01-01 09:10:50 - INFO - Service running normally
2025-01-01 09:10:55 - ERROR - Network connection lost
2025-01-01 08:42:36 - WARNING - Disk usage above threshold
2025-01-01 08:28:26 - ERROR - Database connection failed
2025-01-01 08:56:56 - INFO - Service running normally
2025-01-01 08:14:15 - INFO - User logged in
2025-01-01 08:57:04 - ERROR - Payment gateway timeout
2025-01-01 08:57:08 - WARNING - CPU temperature high
2025-01-01 08:14:18 - WARNING - Disk usage above threshold
2025-01-01 08:28:38 - ERROR - Payment gateway timeout
2025-01-01 08:28:40 - ERROR - Unauthorized access attempt
2025-01-01 09:11:45 - INFO - API request successful
2025-01-01 08:43:06 - ERROR - Database connection failed
2025-01-01 09:11:55 - WARNING - CPU temperature high
2025-01-01 09:12:00 - ERROR - Database connection failed
2025-01-01 08:43:15 - INFO - API request successful
2025-01-01 08:57:44 - INFO - Backup completed
2025-01-01 08:14:27 - ERROR - Database connection failed
2025-01-01 08:14:28 - INFO - Service running normally
2025-01-01 09:12:25 - INFO - Application started
2025-01-01 08:14:30 - WARNING - CPU temperature high
2025-01-01 08:43:33 - WARNING - Disk usage above threshold
2025-01-01 08:58:08 - INFO - User logged in
2025-01-01 08:29:06 - INFO - User logged in
2025-01-01 08:58:16 - INFO - Configuration loaded
2025-01-01 09:12:55 - WARNING - Multiple failed login attempts
2025-01-01 08:14:36 - ERROR - Database connection failed
2025-01-01 08:14:37 - INFO - User logged in
2025-01-01 08:14:38 - WARNING - CPU temperature high
2025-01-01 08:58:36 - ERROR - File upload failed
2025-01-01 09:13:20 - WARNING - Multiple failed login attempts
2025-01-01 08:44:03 - INFO - Application started
2025-01-01 08:58:48 - INFO - Service running normally
2025-01-01 08:14:43 - INFO - Service running normally
2025-01-01 09:13:40 - INFO - Backup completed
2025-01-01 08:29:30 - ERROR - Database connection failed
2025-01-01 08:14:46 - ERROR - Database connection failed
2025-01-01 08:44:21 - ERROR - Network connection lost
2025-01-01 08:14:48 - WARNING - Disk usage above threshold
2025-01-01 08:14:49 - WARNING - Network latency detected
2025-01-01 08:29:40 - WARNING - CPU temperature high
2025-01-01 08:59:24 - WARNING - CPU temperature high
2025-01-01 08:14:52 - INFO - API request successful
2025-01-01 08:59:32 - ERROR - File upload failed
2025-01-01 08:29:48 - WARNING - Multiple failed login attempts
2025-01-01 08:59:40 - WARNING - High memory usage detected
2025-01-01 08:14:56 - ERROR - Payment gateway timeout
2025-01-01 08:14:57 - INFO - Configuration loaded
2025-01-01 08:44:54 - WARNING - High memory usage detected
2025-01-01 08:29:58 - ERROR - Network connection lost
2025-01-01 09:00:00 - INFO - User logged out
2025-01-01 09:15:05 - ERROR - API request timeout
2025-01-01 09:00:08 - WARNING - Multiple failed login attempts
2025-01-01 08:30:06 - ERROR - File upload failed
2025-01-01 08:45:12 - INFO - Configuration loaded
2025-01-01 08:30:10 - INFO - API request successful
2025-01-01 08:30:12 - INFO - User logged out
2025-01-01 08:30:14 - ERROR - Database connection failed
2025-01-01 09:15:40 - ERROR - API request timeout
2025-01-01 08:15:09 - ERROR - Payment gateway timeout
2025-01-01 09:00:40 - WARNING - High memory usage detected
2025-01-01 08:30:22 - INFO - API request successful
2025-01-01 08:30:24 - ERROR - Database connection failed
2025-01-01 08:15:13 - ERROR - Unauthorized access attempt
2025-01-01 09:16:10 - INFO - Application started
2025-01-01 09:16:15 - ERROR - Unauthorized access attempt
2025-01-01 09:16:20 - ERROR - File upload failed
2025-01-01 09:01:08 - INFO - User logged in
2025-01-01 09:16:30 - WARNING - Multiple failed login attempts
2025-01-01 08:15:19 - INFO - Service running normally
2025-01-01 09:16:40 - INFO - API request successful
2025-01-01 09:01:24 - WARNING - Network latency detected
2025-01-01 09:16:50 - ERROR - File upload failed
2025-01-01 08:46:09 - WARNING - Network latency detected
2025-01-01 08:46:12 - WARNING - CPU temperature high
2025-01-01 09:01:40 - INFO - API request successful
2025-01-01 08:46:18 - WARNING - High memory usage detected
2025-01-01 08:15:27 - ERROR - Payment gateway timeout
2025-01-01 08:30:56 - WARNING - CPU temperature high
2025-01-01 08:30:58 - ERROR - Network connection lost
2025-01-01 08:31:00 - WARNING - High memory usage detected
2025-01-01 09:17:35 - ERROR - Network connection lost
2025-01-01 09:17:40 - ERROR - File upload failed
2025-01-01 08:31:06 - INFO - User logged out
2025-01-01 08:46:42 - INFO - Backup completed
2025-01-01 09:02:20 - INFO - Backup completed
2025-01-01 09:18:00 - INFO - User logged in
2025-01-01 09:18:05 - INFO - Configuration loaded
2025-01-01 09:02:32 - ERROR - Network connection lost
2025-01-01 09:18:15 - INFO - Application started
2025-01-01 08:31:20 - ERROR - File upload failed
2025-01-01 08:31:22 - ERROR - Payment gateway timeout
2025-01-01 09:18:30 - ERROR - Database connection failed
2025-01-01 08:47:09 - INFO - API request successful
2025-01-01 08:15:44 - INFO - User logged out
2025-01-01 09:03:00 - WARNING - CPU temperature high
2025-01-01 08:15:46 - INFO - Application started
2025-01-01 09:03:08 - WARNING - Multiple failed login attempts
2025-01-01 08:15:48 - INFO - Application started
2025-01-01 08:31:38 - ERROR - Database connection failed
2025-01-01 09:03:20 - INFO - Service running normally
2025-01-01 09:03:24 - INFO - API request successful
2025-01-01 08:47:36 - WARNING - Network latency detected
2025-01-01 08:15:53 - ERROR - Database connection failed
2025-01-01 08:31:48 - ERROR - Unauthorized access attempt
2025-01-01 09:03:40 - WARNING - Network latency detected
2025-01-01 08:15:56 - INFO - Backup completed
2025-01-01 09:19:45 - WARNING - Disk usage above threshold
2025-01-01 09:03:52 - INFO - Backup completed
2025-01-01 08:47:57 - INFO - Configuration loaded
2025-01-01 08:32:00 - INFO - Service running normally
2025-01-01 08:32:02 - WARNING - Multiple failed login attempts
2025-01-01 09:20:10 - ERROR - Database connection failed
2025-01-01 09:20:15 - INFO - User logged out
2025-01-01 08:32:08 - WARNING - Multiple failed login attempts
2025-01-01 08:32:10 - WARNING - High memory usage detected
2025-01-01 08:32:12 - WARNING - CPU temperature high
2025-01-01 08:16:07 - INFO - Backup completed
2025-01-01 09:20:40 - WARNING - CPU temperature high
2025-01-01 08:16:09 - INFO - User logged in
2025-01-01 09:20:50 - ERROR - Database connection failed
2025-01-01 08:48:33 - ERROR - Payment gateway timeout
2025-01-01 09:21:00 - INFO - Service running normally
2025-01-01 08:16:13 - ERROR - Network connection lost
2025-01-01 08:32:28 - WARNING - Network latency detected
2025-01-01 08:48:45 - WARNING - High memory usage detected
2025-01-01 08:16:16 - WARNING - Multiple failed login attempts
2025-01-01 08:32:34 - ERROR - Database connection failed
2025-01-01 08:32:36 - WARNING - CPU temperature high
2025-01-01 08:32:38 - ERROR - API request timeout
2025-01-01 08:32:40 - WARNING - Multiple failed login attempts
2025-01-01 09:21:45 - ERROR - Payment gateway timeout
2025-01-01 09:05:28 - ERROR - File upload failed
2025-01-01 08:49:09 - WARNING - Multiple failed login attempts
2025-01-01 08:49:12 - INFO - API request successful
2025-01-01 09:05:40 - INFO - User logged out
2025-01-01 09:05:44 - INFO - Configuration loaded
2025-01-01 08:16:27 - WARNING - Multiple failed login attempts
2025-01-01 08:49:24 - ERROR - API request timeout
2025-01-01 09:22:25 - WARNING - High memory usage detected
2025-01-01 09:06:00 - ERROR - Database connection failed
2025-01-01 08:49:33 - INFO - User logged in
2025-01-01 09:22:40 - ERROR - File upload failed
2025-01-01 08:33:06 - WARNING - Network latency detected
2025-01-01 09:22:50 - WARNING - Multiple failed login attempts
2025-01-01 08:49:45 - ERROR - Database connection failed
2025-01-01 09:06:24 - WARNING - CPU temperature high
2025-01-01 09:23:05 - ERROR - File upload failed
2025-01-01 08:33:16 - ERROR - File upload failed
2025-01-01 08:49:57 - ERROR - Network connection lost
